2026-02-06 10:37:56,413 - INFO - Student data written successfully
2026-02-06 10:38:14,945 - INFO - Student data read successfully
2026-02-06 10:38:36,898 - INFO - New student appended: Roll No 52
2026-02-06 10:39:25,827 - INFO - Program exited by user
2026-02-06 10:39:44,899 - INFO - Data cleaning process started
2026-02-06 10:39:44,914 - INFO - Checking duplicate roll numbers
2026-02-06 10:39:44,915 - WARNING - Duplicate roll 10 found. New roll assigned: 53
2026-02-06 10:39:44,916 - WARNING - Duplicate roll 40 found. New roll assigned: 54
2026-02-06 10:39:44,916 - INFO - Checking missing and invalid marks
2026-02-06 10:39:44,917 - WARNING - Missing English marks for Riya
2026-02-06 10:41:25,493 - WARNING - Invalid Science marks for Karan
2026-02-06 10:41:27,054 - WARNING - Invalid Science marks for Rohit
2026-02-06 10:42:06,112 - WARNING - Invalid Computer marks for Pooja
2026-02-06 10:42:07,999 - WARNING - Missing History marks for Meena
2026-02-06 10:42:08,792 - WARNING - Invalid Maths marks for Amit
2026-02-06 10:42:09,484 - WARNING - Missing Science marks for Rahul
2026-02-06 10:42:10,145 - WARNING - Missing Maths marks for Rahul
2026-02-06 10:42:10,952 - WARNING - Missing English marks for Rahul
2026-02-06 10:42:11,632 - WARNING - Missing History marks for Rahul
2026-02-06 10:42:13,366 - WARNING - Missing Computer marks for Rahul
2026-02-06 10:42:14,203 - WARNING - Invalid Maths marks for Priya
2026-02-06 10:42:15,500 - WARNING - Invalid Maths marks for Sunita
2026-02-06 10:42:16,547 - WARNING - Invalid Computer marks for Yash
2026-02-06 10:42:17,386 - WARNING - Missing Science marks for SNEHA
2026-02-06 10:42:18,386 - WARNING - Invalid Maths marks for SNEHA
2026-02-06 10:42:19,210 - WARNING - Invalid History marks for SNEHA
2026-02-06 10:42:20,177 - WARNING - Missing Computer marks for Rohini
2026-02-06 10:42:21,156 - WARNING - Missing English marks for Dev
2026-02-06 10:42:21,924 - WARNING - Invalid Science marks for Isha
2026-02-06 10:42:22,939 - WARNING - Missing Science marks for Kriti
2026-02-06 10:42:23,763 - WARNING - Missing Maths marks for Kriti
2026-02-06 10:42:24,577 - WARNING - Missing Maths marks for Anu
2026-02-06 10:42:25,382 - WARNING - Missing Science marks for op
2026-02-06 10:42:57,335 - WARNING - Missing Maths marks for op
2026-02-06 10:42:58,258 - WARNING - Missing English marks for op
2026-02-06 10:42:59,440 - WARNING - Missing History marks for op
2026-02-06 10:43:00,296 - WARNING - Missing Computer marks for op
2026-02-06 10:43:01,175 - INFO - Cleaning City column
2026-02-06 10:43:01,176 - WARNING - Missing City for Tina
2026-02-06 10:43:14,951 - WARNING - Missing City for Rohini
2026-02-06 10:43:18,634 - WARNING - Missing City for Payal
2026-02-06 10:43:21,503 - WARNING - Missing City for Ramesh
2026-02-06 10:43:23,855 - INFO - Cleaning Sports column
2026-02-06 10:43:23,856 - WARNING - Missing Sports for SNEHA
2026-02-06 10:43:40,289 - INFO - Data cleaning completed successfully
2026-02-06 10:43:55,554 - INFO - Result & Grade calculation started
2026-02-06 10:43:55,558 - INFO - Result, Percent and Grade added successfully
2026-02-06 10:45:01,930 - INFO - Graph generation started
2026-02-06 10:45:02,186 - INFO - Chromium init'ed with kwargs {}
2026-02-06 10:45:02,188 - INFO - Found chromium path: /usr/bin/google-chrome
2026-02-06 10:45:02,188 - INFO - Temp directory created: /tmp/tmpmqlvz9tb.
2026-02-06 10:45:02,189 - INFO - Opening browser.
2026-02-06 10:45:02,189 - INFO - Temp directory created: /tmp/tmpyw9jgome.
2026-02-06 10:45:02,192 - INFO - ldd failed. e: Command '['ldd', '/usr/bin/google-chrome']' returned non-zero exit status 1., stderr: None
2026-02-06 10:45:02,192 - INFO - Temporary directory at: /tmp/tmpyw9jgome
2026-02-06 10:45:02,382 - INFO - Conforming 1 to file:///tmp/tmpmqlvz9tb/index.html
2026-02-06 10:45:02,382 - INFO - Waiting on all navigates
2026-02-06 10:45:03,246 - INFO - All navigates done, putting them all in queue.
2026-02-06 10:45:03,247 - INFO - Getting tab from queue (has 1)
2026-02-06 10:45:03,247 - INFO - Got DFE3
2026-02-06 10:45:03,247 - INFO - Processing Subject_Wise_Average_Marks.png
2026-02-06 10:45:03,247 - INFO - Sending big command for Subject_Wise_Average_Marks.png.
2026-02-06 10:45:03,301 - INFO - Sent big command for Subject_Wise_Average_Marks.png.
2026-02-06 10:45:03,301 - INFO - Reloading tab DFE3 before return.
2026-02-06 10:45:03,374 - INFO - Putting tab DFE3 back (queue size: 0).
2026-02-06 10:45:03,374 - INFO - Waiting for all cleanups to finish.
2026-02-06 10:45:03,374 - INFO - Exiting Kaleido
2026-02-06 10:45:03,374 - INFO - Closing browser.
2026-02-06 10:45:03,375 - INFO - Closing browser.
2026-02-06 10:45:03,375 - INFO - TemporaryDirectory.cleanup() worked.
2026-02-06 10:45:03,376 - INFO - shutil.rmtree worked.
2026-02-06 10:45:03,376 - INFO - Cancelling tasks.
2026-02-06 10:45:03,376 - INFO - Exiting Kaleido/Choreo
2026-02-06 10:45:03,443 - INFO - TemporaryDirectory.cleanup() worked.
2026-02-06 10:45:03,443 - INFO - shutil.rmtree worked.
2026-02-06 10:45:03,444 - INFO - TemporaryDirectory.cleanup() worked.
2026-02-06 10:45:03,444 - INFO - shutil.rmtree worked.
2026-02-06 10:45:03,444 - INFO - Cancelling tasks.
2026-02-06 10:45:03,444 - INFO - Exiting Kaleido/Choreo
2026-02-06 10:45:03,444 - INFO - Subject average graph saved
2026-02-06 10:45:03,461 - INFO - TemporaryDirectory.cleanup() worked.
2026-02-06 10:45:03,461 - INFO - shutil.rmtree worked.
2026-02-06 10:45:03,468 - INFO - Chromium init'ed with kwargs {}
2026-02-06 10:45:03,468 - INFO - Found chromium path: /usr/bin/google-chrome
2026-02-06 10:45:03,468 - INFO - Temp directory created: /tmp/tmpfazqvbch.
2026-02-06 10:45:03,468 - INFO - Opening browser.
2026-02-06 10:45:03,469 - INFO - Temp directory created: /tmp/tmpgzvo6tea.
2026-02-06 10:45:03,472 - INFO - ldd failed. e: Command '['ldd', '/usr/bin/google-chrome']' returned non-zero exit status 1., stderr: None
2026-02-06 10:45:03,472 - INFO - Temporary directory at: /tmp/tmpgzvo6tea
2026-02-06 10:45:03,655 - INFO - Conforming 1 to file:///tmp/tmpfazqvbch/index.html
2026-02-06 10:45:03,655 - INFO - Waiting on all navigates
2026-02-06 10:45:04,505 - INFO - All navigates done, putting them all in queue.
2026-02-06 10:45:04,506 - INFO - Getting tab from queue (has 1)
2026-02-06 10:45:04,506 - INFO - Got 6BD0
2026-02-06 10:45:04,506 - INFO - Processing Grade_Distribution.png
2026-02-06 10:45:04,506 - INFO - Sending big command for Grade_Distribution.png.
2026-02-06 10:45:04,547 - INFO - Sent big command for Grade_Distribution.png.
2026-02-06 10:45:04,548 - INFO - Reloading tab 6BD0 before return.
2026-02-06 10:45:04,623 - INFO - Putting tab 6BD0 back (queue size: 0).
2026-02-06 10:45:04,623 - INFO - Waiting for all cleanups to finish.
2026-02-06 10:45:04,623 - INFO - Exiting Kaleido
2026-02-06 10:45:04,623 - INFO - Closing browser.
2026-02-06 10:45:04,624 - INFO - Closing browser.
2026-02-06 10:45:04,625 - INFO - TemporaryDirectory.cleanup() worked.
2026-02-06 10:45:04,625 - INFO - shutil.rmtree worked.
2026-02-06 10:45:04,625 - INFO - Cancelling tasks.
2026-02-06 10:45:04,625 - INFO - Exiting Kaleido/Choreo
2026-02-06 10:45:04,743 - INFO - TemporaryDirectory.cleanup() worked.
2026-02-06 10:45:04,743 - INFO - shutil.rmtree worked.
2026-02-06 10:45:04,743 - INFO - TemporaryDirectory.cleanup() worked.
2026-02-06 10:45:04,743 - INFO - shutil.rmtree worked.
2026-02-06 10:45:04,743 - INFO - Cancelling tasks.
2026-02-06 10:45:04,743 - INFO - Exiting Kaleido/Choreo
2026-02-06 10:45:04,744 - INFO - Grade distribution graph saved
2026-02-06 10:45:04,768 - INFO - Chromium init'ed with kwargs {}
2026-02-06 10:45:04,768 - INFO - Found chromium path: /usr/bin/google-chrome
2026-02-06 10:45:04,768 - INFO - Temp directory created: /tmp/tmpy5djr9qv.
2026-02-06 10:45:04,769 - INFO - Opening browser.
2026-02-06 10:45:04,769 - INFO - Temp directory created: /tmp/tmpapy9rjl2.
2026-02-06 10:45:04,772 - INFO - ldd failed. e: Command '['ldd', '/usr/bin/google-chrome']' returned non-zero exit status 1., stderr: None
2026-02-06 10:45:04,772 - INFO - Temporary directory at: /tmp/tmpapy9rjl2
2026-02-06 10:45:04,959 - INFO - Conforming 1 to file:///tmp/tmpy5djr9qv/index.html
2026-02-06 10:45:04,959 - INFO - Waiting on all navigates
2026-02-06 10:45:05,905 - INFO - All navigates done, putting them all in queue.
2026-02-06 10:45:05,905 - INFO - Getting tab from queue (has 1)
2026-02-06 10:45:05,905 - INFO - Got 8F40
2026-02-06 10:45:05,905 - INFO - Processing Pass_vs_Fail_Students.png
2026-02-06 10:45:05,905 - INFO - Sending big command for Pass_vs_Fail_Students.png.
2026-02-06 10:45:05,956 - INFO - Sent big command for Pass_vs_Fail_Students.png.
2026-02-06 10:45:05,957 - INFO - Reloading tab 8F40 before return.
2026-02-06 10:45:06,037 - INFO - Putting tab 8F40 back (queue size: 0).
2026-02-06 10:45:06,037 - INFO - Waiting for all cleanups to finish.
2026-02-06 10:45:06,037 - INFO - Exiting Kaleido
2026-02-06 10:45:06,037 - INFO - Closing browser.
2026-02-06 10:45:06,038 - INFO - Closing browser.
2026-02-06 10:45:06,038 - INFO - TemporaryDirectory.cleanup() worked.
2026-02-06 10:45:06,039 - INFO - shutil.rmtree worked.
2026-02-06 10:45:06,039 - INFO - Cancelling tasks.
2026-02-06 10:45:06,039 - INFO - Exiting Kaleido/Choreo
2026-02-06 10:45:06,106 - INFO - TemporaryDirectory.cleanup() worked.
2026-02-06 10:45:06,106 - INFO - shutil.rmtree worked.
2026-02-06 10:45:06,106 - INFO - TemporaryDirectory.cleanup() worked.
2026-02-06 10:45:06,106 - INFO - shutil.rmtree worked.
2026-02-06 10:45:06,106 - INFO - Cancelling tasks.
2026-02-06 10:45:06,106 - INFO - Exiting Kaleido/Choreo
2026-02-06 10:45:06,107 - INFO - Pass Fail graph saved
2026-02-06 10:45:06,107 - INFO - All graphs created successfully
2026-02-06 10:48:11,368 - INFO - TemporaryDirectory.cleanup() worked.
2026-02-06 10:48:11,369 - INFO - shutil.rmtree worked.
2026-02-06 10:48:11,369 - INFO - TemporaryDirectory.cleanup() worked.
2026-02-06 10:48:11,369 - INFO - shutil.rmtree worked.
